*** Using Compiler 'V5.06 update 5 (build 528)', folder: 'D:\keil5\ARM\ARMCC\Bin'
Rebuild target 'Target 1'
compiling stm32f10x_dbgmcu.c...
compiling stm32f10x_pwr.c...
compiling stm32f10x_crc.c...
compiling misc.c...
compiling stm32f10x_iwdg.c...
compiling stm32f10x_exti.c...
compiling stm32f10x_i2c.c...
compiling stm32f10x_dac.c...
compiling stm32f10x_dma.c...
compiling stm32f10x_gpio.c...
compiling stm32f10x_cec.c...
compiling stm32f10x_bkp.c...
compiling stm32f10x_flash.c...
compiling stm32f10x_adc.c...
compiling stm32f10x_fsmc.c...
compiling stm32f10x_can.c...
assembling startup_stm32f10x_hd.s...
compiling stm32f10x_rcc.c...
compiling stm32f10x_sdio.c...
compiling stm32f10x_rtc.c...
compiling stm32f10x_spi.c...
compiling stm32f10x_tim.c...
compiling core_cm3.c...
compiling stm32f10x_usart.c...
compiling stm32f10x_wwdg.c...
compiling system_stm32f10x.c...
compiling croutine.c...
compiling list.c...
compiling stm32f10x_it.c...
compiling event_groups.c...
compiling main.c...
..\HARDWARE\soil_sensor\YL-69.h(1): warning:  #14-D: extra text after expected end of preprocessing directive
  #ifndef __YL-69_H
..\HARDWARE\soil_sensor\YL-69.h(2): warning:  #2775-D: white space is required between the macro name "__YL" and its replacement text
  #define __YL-69_H	
..\User\main.c: 2 warnings, 0 errors
compiling queue.c...
compiling timers.c...
compiling tasks.c...
compiling delay.c...
..\SYSTEM\delay\delay.c(4): warning:  #550-D: variable "fac_us"  was set but never used
  static u8  fac_us=0;							//usÑÓÊ±±¶³ËÊý			   
..\SYSTEM\delay\delay.c: 1 warning, 0 errors
compiling heap_4.c...
compiling port.c...
compiling usart.c...
compiling key.c...
..\HARDWARE\KEY\key.c(57): warning:  #223-D: function "delay_ms" declared implicitly
  		delay_ms(10);  //Ïû¶¶
..\HARDWARE\KEY\key.c(71): warning:  #1-D: last line of file ends without a newline
  }
..\HARDWARE\KEY\key.c: 2 warnings, 0 errors
compiling led.c...
compiling beep.c...
compiling sys.c...
compiling cJSON.c...
..\Connection\cJSON.c(55): warning:  #1293-D: assignment in condition
        if (!(copy = (char*)cJSON_malloc(len))) return 0;
..\Connection\cJSON.c(278): warning:  #1293-D: assignment in condition
  	ptr=str;while ((token=*ptr) && ++len) {if (strchr("\"\\\b\f\n\r\t",token)) len++; else if (token<32) len+=5;ptr++;}
..\Connection\cJSON.c(352): warning:  #111-D: statement is unreachable
  	return p.buffer;
..\Connection\cJSON.c(423): warning:  #1293-D: assignment in condition
  		if (!(new_item=cJSON_New_Item())) return 0; 	/* memory fail */
..\Connection\cJSON.c(535): warning:  #1293-D: assignment in condition
  		if (!(new_item=cJSON_New_Item()))	return 0; /* memory fail */
..\Connection\cJSON.c: 5 warnings, 0 errors
compiling MqttKit.c...
compiling YL-69.c...
..\HARDWARE\soil_sensor\YL-69.h(1): warning:  #14-D: extra text after expected end of preprocessing directive
  #ifndef __YL-69_H
..\HARDWARE\soil_sensor\YL-69.h(2): warning:  #2775-D: white space is required between the macro name "__YL" and its replacement text
  #define __YL-69_H	
..\HARDWARE\soil_sensor\YL-69.c: 2 warnings, 0 errors
compiling relays.c...
compiling dht11.c...
compiling esp8266.c...
compiling onenet.c...
linking...
Program Size: Code=30300 RO-data=1056 RW-data=208 ZI-data=39568  
FromELF: creating hex file...
".\Objects\freertos.axf" - 0 Error(s), 12 Warning(s).
Build Time Elapsed:  00:00:04
